23-Jan-2026 22:52:56.192 INFO [main] org.apache.catalina.startup.VersionLoggerListener.log Server version name:   Apache Tomcat/10.1.20
23-Jan-2026 22:52:56.198 INFO [main] org.apache.catalina.startup.VersionLoggerListener.log Server built:          Mar 19 2024 12:49:58 UTC
23-Jan-2026 22:52:56.199 INFO [main] org.apache.catalina.startup.VersionLoggerListener.log Server version number: 10.1.20.0
23-Jan-2026 22:52:56.199 INFO [main] org.apache.catalina.startup.VersionLoggerListener.log OS Name:               Windows 11
23-Jan-2026 22:52:56.199 INFO [main] org.apache.catalina.startup.VersionLoggerListener.log OS Version:            10.0
23-Jan-2026 22:52:56.200 INFO [main] org.apache.catalina.startup.VersionLoggerListener.log Architecture:          amd64
23-Jan-2026 22:52:56.200 INFO [main] org.apache.catalina.startup.VersionLoggerListener.log Java Home:             C:\Program Files\Java\jdk-21
23-Jan-2026 22:52:56.200 INFO [main] org.apache.catalina.startup.VersionLoggerListener.log JVM Version:           21.0.8+12-LTS-250
23-Jan-2026 22:52:56.201 INFO [main] org.apache.catalina.startup.VersionLoggerListener.log JVM Vendor:            Oracle Corporation
23-Jan-2026 22:52:56.201 INFO [main] org.apache.catalina.startup.VersionLoggerListener.log CATALINA_BASE:         C:\Users\minhl\OneDrive\Documents\git\Jav101-TS02392\Lab3
23-Jan-2026 22:52:56.201 INFO [main] org.apache.catalina.startup.VersionLoggerListener.log CATALINA_HOME:         D:\ECLIPESE\apache-tomcat-10.1.20-windows-x64\apache-tomcat-10.1.20
23-Jan-2026 22:52:56.209 INFO [main] org.apache.catalina.startup.VersionLoggerListener.log Command line argument: --add-opens=java.base/java.lang=ALL-UNNAMED
23-Jan-2026 22:52:56.211 INFO [main] org.apache.catalina.startup.VersionLoggerListener.log Command line argument: --add-opens=java.base/java.io=ALL-UNNAMED
23-Jan-2026 22:52:56.211 INFO [main] org.apache.catalina.startup.VersionLoggerListener.log Command line argument: --add-opens=java.base/java.util=ALL-UNNAMED
23-Jan-2026 22:52:56.211 INFO [main] org.apache.catalina.startup.VersionLoggerListener.log Command line argument: --add-opens=java.base/java.util.concurrent=ALL-UNNAMED
23-Jan-2026 22:52:56.211 INFO [main] org.apache.catalina.startup.VersionLoggerListener.log Command line argument: --add-opens=java.rmi/sun.rmi.transport=ALL-UNNAMED
23-Jan-2026 22:52:56.211 INFO [main] org.apache.catalina.startup.VersionLoggerListener.log Command line argument: -Dcatalina.home=D:\ECLIPESE\apache-tomcat-10.1.20-windows-x64\apache-tomcat-10.1.20
23-Jan-2026 22:52:56.211 INFO [main] org.apache.catalina.startup.VersionLoggerListener.log Command line argument: -Dcatalina.base=C:\Users\minhl\OneDrive\Documents\git\Jav101-TS02392\Lab3
23-Jan-2026 22:52:56.212 INFO [main] org.apache.catalina.startup.VersionLoggerListener.log Command line argument: -Djava.io.tmpdir=C:\Users\minhl\OneDrive\Documents\git\Jav101-TS02392\Lab3\temp
23-Jan-2026 22:52:56.212 INFO [main] org.apache.catalina.startup.VersionLoggerListener.log Command line argument: -Djava.util.logging.config.file=C:\Users\minhl\OneDrive\Documents\git\Jav101-TS02392\Lab3\conf\logging.properties
23-Jan-2026 22:52:56.212 INFO [main] org.apache.catalina.startup.VersionLoggerListener.log Command line argument: -Djava.util.logging.manager=org.apache.juli.ClassLoaderLogManager
23-Jan-2026 22:52:56.215 INFO [main] org.apache.catalina.startup.VersionLoggerListener.log Command line argument: -javaagent:C:\Users\minhl\AppData\Local\Programs\IntelliJ IDEA 2025.3.1\lib\idea_rt.jar=58048
23-Jan-2026 22:52:56.215 INFO [main] org.apache.catalina.startup.VersionLoggerListener.log Command line argument: -Dfile.encoding=UTF-8
23-Jan-2026 22:52:56.216 INFO [main] org.apache.catalina.startup.VersionLoggerListener.log Command line argument: -Dsun.stdout.encoding=UTF-8
23-Jan-2026 22:52:56.216 INFO [main] org.apache.catalina.startup.VersionLoggerListener.log Command line argument: -Dsun.stderr.encoding=UTF-8
23-Jan-2026 22:52:56.289 INFO [main] org.apache.catalina.core.AprLifecycleListener.lifecycleEvent Loaded Apache Tomcat Native library [2.0.7] using APR version [1.7.4].
23-Jan-2026 22:52:56.295 INFO [main] org.apache.catalina.core.AprLifecycleListener.initializeSSL OpenSSL successfully initialized [OpenSSL 3.0.13 30 Jan 2024]
23-Jan-2026 22:52:56.595 INFO [main] org.apache.coyote.AbstractProtocol.init Initializing ProtocolHandler ["http-nio-8080"]
23-Jan-2026 22:52:56.616 INFO [main] org.apache.catalina.startup.Catalina.load Server initialization in [623] milliseconds
23-Jan-2026 22:52:56.694 INFO [main] org.apache.catalina.core.StandardService.startInternal Starting service [Catalina]
23-Jan-2026 22:52:56.695 INFO [main] org.apache.catalina.core.StandardEngine.startInternal Starting Servlet engine: [Apache Tomcat/10.1.20]
23-Jan-2026 22:52:56.706 INFO [main] org.apache.catalina.startup.HostConfig.deployDescriptor Deploying deployment descriptor [C:\Users\minhl\OneDrive\Documents\git\Jav101-TS02392\Lab3\conf\Catalina\localhost\Lab3.xml]
23-Jan-2026 22:52:58.517 INFO [main] org.apache.jasper.servlet.TldScanner.scanJars At least one JAR was scanned for TLDs yet contained no TLDs. Enable debug logging for this logger for a complete list of JARs that were scanned but no TLDs were found in them. Skipping unneeded JARs during scanning can improve startup time and JSP compilation time.
23-Jan-2026 22:52:58.622 INFO [main] org.apache.catalina.startup.HostConfig.deployDescriptor Deployment of deployment descriptor [C:\Users\minhl\OneDrive\Documents\git\Jav101-TS02392\Lab3\conf\Catalina\localhost\Lab3.xml] has finished in [1,916] ms
23-Jan-2026 22:52:58.626 INFO [main] org.apache.coyote.AbstractProtocol.start Starting ProtocolHandler ["http-nio-8080"]
23-Jan-2026 22:52:58.649 INFO [main] org.apache.catalina.startup.Catalina.start Server startup in [2031] milliseconds
23-Jan-2026 22:52:59.906 INFO [http-nio-8080-exec-1] org.apache.tomcat.util.http.parser.Cookie.logInvalidHeader A cookie header was received [g_state={"i_l":0,"i_ll":1765527387668}] that contained an invalid cookie. That cookie will be ignored.
 Note: further occurrences of this error will be logged at DEBUG level.
